<?xml version="1.0" encoding="UTF-8"?>
<!-- Generated by org.testng.reporters.JUnitReportReporter -->
<testsuite skipped="0" hostname="INLN56581168A" name="eppmAPIFramework.com.rest.test.CreateWBSHierarchyTest" tests="1" failures="0" timestamp="24 Dec 2018 04:57:56 GMT" time="5.643" errors="0">
  <testcase name="canCreateWBSHierarchy" time="5.643" classname="eppmAPIFramework.com.rest.test.CreateWBSHierarchyTest"/>
</testsuite> <!-- eppmAPIFramework.com.rest.test.CreateWBSHierarchyTest -->
