<?xml version="1.0" encoding="UTF-8"?>
<!-- Generated by org.testng.reporters.JUnitReportReporter -->
<testsuite skipped="0" hostname="INLN56581168A" name="eppmAPIFramework.com.rest.test.CreateProjectTest" tests="4" failures="0" timestamp="18 Mar 2019 03:42:40 GMT" time="86.362" errors="0">
  <testcase name="canCreateInvestmentProject" time="78.813" classname="eppmAPIFramework.com.rest.test.CreateProjectTest"/>
  <testcase name="canCreateOverheadProject" time="2.332" classname="eppmAPIFramework.com.rest.test.CreateProjectTest"/>
  <testcase name="canCreateStatisticalProject" time="2.663" classname="eppmAPIFramework.com.rest.test.CreateProjectTest"/>
  <testcase name="canCreateRevenueProject" time="2.554" classname="eppmAPIFramework.com.rest.test.CreateProjectTest"/>
</testsuite> <!-- eppmAPIFramework.com.rest.test.CreateProjectTest -->
