<?xml version="1.0" encoding="UTF-8"?>
<!-- Generated by org.testng.reporters.JUnitReportReporter -->
<testsuite skipped="0" hostname="INLN56581168A" name="eppmAPIFramework.com.rest.test.DeleteProjectTest" tests="1" failures="0" timestamp="19 Mar 2019 21:28:30 GMT" time="37.517" errors="0">
  <testcase name="canDeleteProject" time="37.517" classname="eppmAPIFramework.com.rest.test.DeleteProjectTest"/>
</testsuite> <!-- eppmAPIFramework.com.rest.test.DeleteProjectTest -->
