<?xml version="1.0" encoding="UTF-8"?>
<!-- Generated by org.testng.reporters.JUnitReportReporter -->
<testsuite skipped="0" hostname="INLN56581168A" name="eppmAPIFramework.com.rest.test.CreateWBSHierarchyTest" tests="1" failures="0" timestamp="18 Mar 2019 14:36:55 GMT" time="126.508" errors="0">
  <testcase name="canCreateWBSHierarchyForCLOSEDProj" time="126.508" classname="eppmAPIFramework.com.rest.test.CreateWBSHierarchyTest"/>
</testsuite> <!-- eppmAPIFramework.com.rest.test.CreateWBSHierarchyTest -->
