<?xml version="1.0" encoding="UTF-8"?>
<!-- Generated by org.testng.reporters.JUnitReportReporter -->
<testsuite skipped="0" hostname="INLN56581168A" name="eppmAPIFramework.com.rest.test.UpdateWBSElementTest" tests="1" failures="0" timestamp="24 Dec 2018 04:57:56 GMT" time="2.202" errors="0">
  <testcase name="canUpdateWBSElementAttributeDescription" time="2.202" classname="eppmAPIFramework.com.rest.test.UpdateWBSElementTest"/>
</testsuite> <!-- eppmAPIFramework.com.rest.test.UpdateWBSElementTest -->
