<?xml version="1.0" encoding="UTF-8"?>
<!-- Generated by org.testng.reporters.JUnitReportReporter -->
<testsuite skipped="0" hostname="INLN56581168A" name="eppmAPIFramework.com.rest.test.CreateProjectTest" tests="1" failures="0" timestamp="24 Dec 2018 04:57:56 GMT" time="20.884" errors="0">
  <testcase name="canCreateProject" time="20.884" classname="eppmAPIFramework.com.rest.test.CreateProjectTest"/>
</testsuite> <!-- eppmAPIFramework.com.rest.test.CreateProjectTest -->
